\BOOKMARK [1][-]{section.1}{\376\377\000W\000e\000e\000k\000-\0001}{}% 1
\BOOKMARK [2][-]{subsection.1.1}{\376\377\000C\000o\000m\000p\000u\000t\000e\000r\000\040\000S\000c\000i\000e\000n\000c\000e}{section.1}% 2
\BOOKMARK [3][-]{subsubsection.1.1.1}{\376\377\000L\000a\000b\000\040\0000\0000}{subsection.1.1}% 3
\BOOKMARK [2][-]{subsection.1.2}{\376\377\000F\000u\000n\000c\000t\000i\000o\000n\000s}{section.1}% 4
\BOOKMARK [3][-]{subsubsection.1.2.1}{\376\377\000H\000w\000\040\0000\0001}{subsection.1.2}% 5
\BOOKMARK [1][-]{section.2}{\376\377\000W\000e\000e\000k\000-\0002}{}% 6
\BOOKMARK [2][-]{subsection.2.1}{\376\377\000C\000o\000n\000t\000r\000o\000l}{section.2}% 7
\BOOKMARK [3][-]{subsubsection.2.1.1}{\376\377\000L\000a\000b\000\040\0000\0001}{subsection.2.1}% 8
\BOOKMARK [2][-]{subsection.2.2}{\376\377\000H\000i\000g\000h\000e\000r\000-\000o\000r\000d\000e\000r\000\040\000F\000u\000n\000c\000t\000i\000o\000n\000s}{section.2}% 9
\BOOKMARK [3][-]{subsubsection.2.2.1}{\376\377\000H\000o\000g}{subsection.2.2}% 10
\BOOKMARK [2][-]{subsection.2.3}{\376\377\000E\000n\000v\000i\000r\000o\000n\000m\000e\000n\000t\000s}{section.2}% 11
\BOOKMARK [3][-]{subsubsection.2.3.1}{\376\377\000L\000a\000b\000\040\0000\0002}{subsection.2.3}% 12
\BOOKMARK [1][-]{section.3}{\376\377\000W\000e\000e\000k\000-\0003}{}% 13
\BOOKMARK [2][-]{subsection.3.1}{\376\377\000D\000e\000s\000i\000g\000n}{section.3}% 14
\BOOKMARK [2][-]{subsection.3.2}{\376\377\000F\000u\000n\000c\000t\000i\000o\000n\000\040\000E\000x\000a\000m\000p\000l\000e\000s}{section.3}% 15
\BOOKMARK [1][-]{section.4}{\376\377\000W\000e\000e\000k\000-\0004}{}% 16
\BOOKMARK [2][-]{subsection.4.1}{\376\377\000R\000e\000c\000u\000r\000s\000i\000o\000n}{section.4}% 17
\BOOKMARK [2][-]{subsection.4.2}{\376\377\000T\000r\000e\000e\000\040\000R\000e\000c\000u\000r\000s\000i\000o\000n}{section.4}% 18
\BOOKMARK [3][-]{subsubsection.4.2.1}{\376\377\000H\000W\000\040\0000\0002}{subsection.4.2}% 19
\BOOKMARK [1][-]{section.5}{\376\377\000W\000e\000e\000k\000-\0005}{}% 20
\BOOKMARK [2][-]{subsection.5.1}{\376\377\000C\000o\000n\000t\000a\000i\000n\000e\000r\000s}{section.5}% 21
\BOOKMARK [3][-]{subsubsection.5.1.1}{\376\377\000L\000a\000b\000\040\0000\0004}{subsection.5.1}% 22
\BOOKMARK [2][-]{subsection.5.2}{\376\377\000D\000a\000t\000a\000\040\000A\000b\000s\000t\000r\000a\000c\000t\000i\000o\000n}{section.5}% 23
\BOOKMARK [3][-]{subsubsection.5.2.1}{\376\377\000C\000a\000t\000s}{subsection.5.2}% 24
\BOOKMARK [2][-]{subsection.5.3}{\376\377\000T\000r\000e\000e\000s}{section.5}% 25
\BOOKMARK [1][-]{section.6}{\376\377\000W\000e\000e\000k\000-\0006}{}% 26
\BOOKMARK [2][-]{subsection.6.1}{\376\377\000B\000i\000n\000a\000r\000y\000\040\000N\000u\000m\000b\000e\000r\000s}{section.6}% 27
\BOOKMARK [3][-]{subsubsection.6.1.1}{\376\377\000L\000a\000b\000\040\0000\0005}{subsection.6.1}% 28
\BOOKMARK [2][-]{subsection.6.2}{\376\377\000C\000i\000r\000c\000u\000i\000t\000s}{section.6}% 29
\BOOKMARK [3][-]{subsubsection.6.2.1}{\376\377\000H\000W\000\040\0000\0003}{subsection.6.2}% 30
\BOOKMARK [2][-]{subsection.6.3}{\376\377\000M\000u\000t\000a\000b\000l\000e\000\040\000V\000a\000l\000u\000e\000s}{section.6}% 31
